# JRE version: Java(TM) SE Runtime Environment (11.0.6+8) (build 11.0.6+8-LTS)
# Java VM: Java HotSpot(TM) 64-Bit Server VM (11.0.6+8-LTS, mixed mode, tiered, compressed oops, g1 gc, windows-amd64)
Heap:
 garbage-first heap   total 3170304K, used 740806K [0x0000000300000000, 0x0000000800000000)
  region size 4096K, 2 young (8192K), 2 survivors (8192K)
 Metaspace       used 59091K, capacity 60919K, committed 61776K, reserved 1103872K
  class space    used 7117K, capacity 7839K, committed 8140K, reserved 1048576K
GC Heap History (10 events):
Event: 50220.723 GC heap after
{Heap after GC invocations=13824 (full 0):
 garbage-first heap   total 2306048K, used 722686K [0x0000000300000000, 0x0000000800000000)
  region size 4096K, 7 young (28672K), 7 survivors (28672K)
 Metaspace       used 59091K, capacity 60919K, committed 61776K, reserved 1103872K
  class space    used 7117K, capacity 7839K, committed 8140K, reserved 1048576K
}
Event: 50221.179 GC heap before
{Heap before GC invocations=13824 (full 0):
 garbage-first heap   total 2306048K, used 997118K [0x0000000300000000, 0x0000000800000000)
  region size 4096K, 74 young (303104K), 7 survivors (28672K)
 Metaspace       used 59091K, capacity 60919K, committed 61776K, reserved 1103872K
  class space    used 7117K, capacity 7839K, committed 8140K, reserved 1048576K
}
Event: 50221.188 GC heap after
{Heap after GC invocations=13825 (full 0):
 garbage-first heap   total 2306048K, used 729053K [0x0000000300000000, 0x0000000800000000)
  region size 4096K, 2 young (8192K), 2 survivors (8192K)
 Metaspace       used 59091K, capacity 60919K, committed 61776K, reserved 1103872K
  class space    used 7117K, capacity 7839K, committed 8140K, reserved 1048576K
}
Event: 50221.421 GC heap before
{Heap before GC invocations=13825 (full 0):
 garbage-first heap   total 2306048K, used 1052637K [0x0000000300000000, 0x0000000800000000)
  region size 4096K, 81 young (331776K), 2 survivors (8192K)
 Metaspace       used 59091K, capacity 60919K, committed 61776K, reserved 1103872K
  class space    used 7117K, capacity 7839K, committed 8140K, reserved 1048576K
}
Event: 50221.435 GC heap after
{Heap after GC invocations=13826 (full 0):
 garbage-first heap   total 2306048K, used 734863K [0x0000000300000000, 0x0000000800000000)
  region size 4096K, 3 young (12288K), 3 survivors (12288K)
 Metaspace       used 59091K, capacity 60919K, committed 61776K, reserved 1103872K
  class space    used 7117K, capacity 7839K, committed 8140K, reserved 1048576K
}
Event: 50222.140 GC heap before
{Heap before GC invocations=13826 (full 0):
 garbage-first heap   total 2306048K, used 1181327K [0x0000000300000000, 0x0000000800000000)
  region size 4096K, 96 young (393216K), 3 survivors (12288K)
 Metaspace       used 59091K, capacity 60919K, committed 61776K, reserved 1103872K
  class space    used 7117K, capacity 7839K, committed 8140K, reserved 1048576K
}
Event: 50222.184 GC heap after
{Heap after GC invocations=13827 (full 0):
 garbage-first heap   total 2306048K, used 768075K [0x0000000300000000, 0x0000000800000000)
  region size 4096K, 11 young (45056K), 11 survivors (45056K)
 Metaspace       used 59091K, capacity 60919K, committed 61776K, reserved 1103872K
  class space    used 7117K, capacity 7839K, committed 8140K, reserved 1048576K
}
Event: 50223.925 GC heap before
{Heap before GC invocations=13827 (full 0):
 garbage-first heap   total 2306048K, used 1181771K [0x0000000300000000, 0x0000000800000000)
  region size 4096K, 108 young (442368K), 11 survivors (45056K)
 Metaspace       used 59091K, capacity 60919K, committed 61776K, reserved 1103872K
  class space    used 7117K, capacity 7839K, committed 8140K, reserved 1048576K
}
Event: 50223.940 GC heap after
{Heap after GC invocations=13828 (full 0):
 garbage-first heap   total 2306048K, used 739838K [0x0000000300000000, 0x0000000800000000)
  region size 4096K, 2 young (8192K), 2 survivors (8192K)
 Metaspace       used 59091K, capacity 60919K, committed 61776K, reserved 1103872K
  class space    used 7117K, capacity 7839K, committed 8140K, reserved 1048576K
}
Event: 50225.574 GC heap before
{Heap before GC invocations=13828 (full 0):
 garbage-first heap   total 2306048K, used 1329662K [0x0000000300000000, 0x0000000800000000)
  region size 4096K, 146 young (598016K), 2 survivors (8192K)
 Metaspace       used 59091K, capacity 60919K, committed 61776K, reserved 1103872K
  class space    used 7117K, capacity 7839K, committed 8140K, reserved 1048576K
}

