# JRE version: Java(TM) SE Runtime Environment (11.0.6+8) (build 11.0.6+8-LTS)
# Java VM: Java HotSpot(TM) 64-Bit Server VM (11.0.6+8-LTS, mixed mode, tiered, compressed oops, g1 gc, windows-amd64)
Heap:
 garbage-first heap   total 1413120K, used 237513K [0x0000001000400000, 0x0000001500400000)
  region size 4096K, 13 young (53248K), 13 survivors (53248K)
 Metaspace       used 58548K, capacity 60484K, committed 60552K, reserved 1101824K
  class space    used 7140K, capacity 7938K, committed 7968K, reserved 1048576K
GC Heap History (10 events):
Event: 34.090 GC heap after
{Heap after GC invocations=35 (full 0):
 garbage-first heap   total 770048K, used 175595K [0x0000001000400000, 0x0000001500400000)
  region size 4096K, 10 young (40960K), 10 survivors (40960K)
 Metaspace       used 58548K, capacity 60484K, committed 60552K, reserved 1101824K
  class space    used 7140K, capacity 7938K, committed 7968K, reserved 1048576K
}
Event: 34.526 GC heap before
{Heap before GC invocations=35 (full 0):
 garbage-first heap   total 770048K, used 585195K [0x0000001000400000, 0x0000001500400000)
  region size 4096K, 106 young (434176K), 10 survivors (40960K)
 Metaspace       used 58548K, capacity 60484K, committed 60552K, reserved 1101824K
  class space    used 7140K, capacity 7938K, committed 7968K, reserved 1048576K
}
Event: 34.540 GC heap after
{Heap after GC invocations=36 (full 0):
 garbage-first heap   total 1060864K, used 190260K [0x0000001000400000, 0x0000001500400000)
  region size 4096K, 4 young (16384K), 4 survivors (16384K)
 Metaspace       used 58548K, capacity 60484K, committed 60552K, reserved 1101824K
  class space    used 7140K, capacity 7938K, committed 7968K, reserved 1048576K
}
Event: 35.087 GC heap before
{Heap before GC invocations=36 (full 0):
 garbage-first heap   total 1060864K, used 735028K [0x0000001000400000, 0x0000001500400000)
  region size 4096K, 119 young (487424K), 4 survivors (16384K)
 Metaspace       used 58548K, capacity 60484K, committed 60552K, reserved 1101824K
  class space    used 7140K, capacity 7938K, committed 7968K, reserved 1048576K
}
Event: 35.094 GC heap after
{Heap after GC invocations=37 (full 0):
 garbage-first heap   total 1060864K, used 245769K [0x0000001000400000, 0x0000001500400000)
  region size 4096K, 5 young (20480K), 5 survivors (20480K)
 Metaspace       used 58548K, capacity 60484K, committed 60552K, reserved 1101824K
  class space    used 7140K, capacity 7938K, committed 7968K, reserved 1048576K
}
Event: 35.832 GC heap before
{Heap before GC invocations=37 (full 0):
 garbage-first heap   total 1060864K, used 856073K [0x0000001000400000, 0x0000001500400000)
  region size 4096K, 154 young (630784K), 5 survivors (20480K)
 Metaspace       used 58548K, capacity 60484K, committed 60552K, reserved 1101824K
  class space    used 7140K, capacity 7938K, committed 7968K, reserved 1048576K
}
Event: 35.851 GC heap after
{Heap after GC invocations=38 (full 0):
 garbage-first heap   total 1060864K, used 245550K [0x0000001000400000, 0x0000001500400000)
  region size 4096K, 16 young (65536K), 16 survivors (65536K)
 Metaspace       used 58548K, capacity 60484K, committed 60552K, reserved 1101824K
  class space    used 7140K, capacity 7938K, committed 7968K, reserved 1048576K
}
Event: 36.380 GC heap before
{Heap before GC invocations=38 (full 0):
 garbage-first heap   total 1060864K, used 831278K [0x0000001000400000, 0x0000001500400000)
  region size 4096K, 155 young (634880K), 16 survivors (65536K)
 Metaspace       used 58548K, capacity 60484K, committed 60552K, reserved 1101824K
  class space    used 7140K, capacity 7938K, committed 7968K, reserved 1048576K
}
Event: 36.385 GC heap after
{Heap after GC invocations=39 (full 0):
 garbage-first heap   total 1060864K, used 204321K [0x0000001000400000, 0x0000001500400000)
  region size 4096K, 4 young (16384K), 4 survivors (16384K)
 Metaspace       used 58548K, capacity 60484K, committed 60552K, reserved 1101824K
  class space    used 7140K, capacity 7938K, committed 7968K, reserved 1048576K
}
Event: 37.021 GC heap before
{Heap before GC invocations=39 (full 0):
 garbage-first heap   total 1060864K, used 892449K [0x0000001000400000, 0x0000001500400000)
  region size 4096K, 155 young (634880K), 4 survivors (16384K)
 Metaspace       used 58548K, capacity 60484K, committed 60552K, reserved 1101824K
  class space    used 7140K, capacity 7938K, committed 7968K, reserved 1048576K
}

