# JRE version: Java(TM) SE Runtime Environment (11.0.6+8) (build 11.0.6+8-LTS)
# Java VM: Java HotSpot(TM) 64-Bit Server VM (11.0.6+8-LTS, mixed mode, tiered, compressed oops, g1 gc, windows-amd64)
Heap:
 garbage-first heap   total 3661824K, used 610793K [0x0000000300000000, 0x0000000800000000)
  region size 4096K, 10 young (40960K), 10 survivors (40960K)
 Metaspace       used 56607K, capacity 58438K, committed 58620K, reserved 1099776K
  class space    used 6932K, capacity 7694K, committed 7756K, reserved 1048576K
GC Heap History (10 events):
Event: 239.230 GC heap after
{Heap after GC invocations=52 (full 0):
 garbage-first heap   total 1028096K, used 421682K [0x0000000300000000, 0x0000000800000000)
  region size 4096K, 5 young (20480K), 5 survivors (20480K)
 Metaspace       used 56607K, capacity 58438K, committed 58620K, reserved 1099776K
  class space    used 6932K, capacity 7694K, committed 7756K, reserved 1048576K
}
Event: 239.867 GC heap before
{Heap before GC invocations=52 (full 0):
 garbage-first heap   total 1028096K, used 737074K [0x0000000300000000, 0x0000000800000000)
  region size 4096K, 82 young (335872K), 5 survivors (20480K)
 Metaspace       used 56607K, capacity 58438K, committed 58620K, reserved 1099776K
  class space    used 6932K, capacity 7694K, committed 7756K, reserved 1048576K
}
Event: 240.051 GC heap after
{Heap after GC invocations=53 (full 0):
 garbage-first heap   total 1830912K, used 429716K [0x0000000300000000, 0x0000000800000000)
  region size 4096K, 7 young (28672K), 7 survivors (28672K)
 Metaspace       used 56607K, capacity 58438K, committed 58620K, reserved 1099776K
  class space    used 6932K, capacity 7694K, committed 7756K, reserved 1048576K
}
Event: 243.341 GC heap before
{Heap before GC invocations=53 (full 0):
 garbage-first heap   total 1830912K, used 1445524K [0x0000000300000000, 0x0000000800000000)
  region size 4096K, 255 young (1044480K), 7 survivors (28672K)
 Metaspace       used 56607K, capacity 58438K, committed 58620K, reserved 1099776K
  class space    used 6932K, capacity 7694K, committed 7756K, reserved 1048576K
}
Event: 243.363 GC heap after
{Heap after GC invocations=54 (full 0):
 garbage-first heap   total 1830912K, used 494313K [0x0000000300000000, 0x0000000800000000)
  region size 4096K, 22 young (90112K), 22 survivors (90112K)
 Metaspace       used 56607K, capacity 58438K, committed 58620K, reserved 1099776K
  class space    used 6932K, capacity 7694K, committed 7756K, reserved 1048576K
}
Event: 245.457 GC heap before
{Heap before GC invocations=54 (full 0):
 garbage-first heap   total 1830912K, used 1444585K [0x0000000300000000, 0x0000000800000000)
  region size 4096K, 254 young (1040384K), 22 survivors (90112K)
 Metaspace       used 56607K, capacity 58438K, committed 58620K, reserved 1099776K
  class space    used 6932K, capacity 7694K, committed 7756K, reserved 1048576K
}
Event: 245.478 GC heap after
{Heap after GC invocations=55 (full 0):
 garbage-first heap   total 1830912K, used 524836K [0x0000000300000000, 0x0000000800000000)
  region size 4096K, 24 young (98304K), 24 survivors (98304K)
 Metaspace       used 56607K, capacity 58438K, committed 58620K, reserved 1099776K
  class space    used 6932K, capacity 7694K, committed 7756K, reserved 1048576K
}
Event: 248.547 GC heap before
{Heap before GC invocations=55 (full 0):
 garbage-first heap   total 1830912K, used 1475108K [0x0000000300000000, 0x0000000800000000)
  region size 4096K, 256 young (1048576K), 24 survivors (98304K)
 Metaspace       used 56607K, capacity 58438K, committed 58620K, reserved 1099776K
  class space    used 6932K, capacity 7694K, committed 7756K, reserved 1048576K
}
Event: 248.577 GC heap after
{Heap after GC invocations=56 (full 0):
 garbage-first heap   total 1830912K, used 591460K [0x0000000300000000, 0x0000000800000000)
  region size 4096K, 25 young (102400K), 25 survivors (102400K)
 Metaspace       used 56607K, capacity 58438K, committed 58620K, reserved 1099776K
  class space    used 6932K, capacity 7694K, committed 7756K, reserved 1048576K
}
Event: 250.523 GC heap before
{Heap before GC invocations=56 (full 0):
 garbage-first heap   total 1830912K, used 1476196K [0x0000000300000000, 0x0000000800000000)
  region size 4096K, 241 young (987136K), 25 survivors (102400K)
 Metaspace       used 56607K, capacity 58438K, committed 58620K, reserved 1099776K
  class space    used 6932K, capacity 7694K, committed 7756K, reserved 1048576K
}

