# JRE version: Java(TM) SE Runtime Environment (11.0.6+8) (build 11.0.6+8-LTS)
# Java VM: Java HotSpot(TM) 64-Bit Server VM (11.0.6+8-LTS, mixed mode, tiered, compressed oops, g1 gc, windows-amd64)
Heap:
 garbage-first heap   total 4378624K, used 133637K [0x0000000300000000, 0x0000000800000000)
  region size 4096K, 5 young (20480K), 5 survivors (20480K)
 Metaspace       used 58903K, capacity 60883K, committed 61016K, reserved 1101824K
  class space    used 7155K, capacity 7956K, committed 8064K, reserved 1048576K
GC Heap History (10 events):
Event: 4774.348 GC heap after
{Heap after GC invocations=1621 (full 0):
 garbage-first heap   total 1617920K, used 171002K [0x0000000300000000, 0x0000000800000000)
  region size 4096K, 2 young (8192K), 2 survivors (8192K)
 Metaspace       used 58903K, capacity 60883K, committed 61016K, reserved 1101824K
  class space    used 7155K, capacity 7956K, committed 8064K, reserved 1048576K
}
Event: 4774.472 GC heap before
{Heap before GC invocations=1622 (full 0):
 garbage-first heap   total 1617920K, used 228346K [0x0000000300000000, 0x0000000800000000)
  region size 4096K, 28 young (114688K), 2 survivors (8192K)
 Metaspace       used 58903K, capacity 60883K, committed 61016K, reserved 1101824K
  class space    used 7155K, capacity 7956K, committed 8064K, reserved 1048576K
}
Event: 4774.556 GC heap after
{Heap after GC invocations=1623 (full 0):
 garbage-first heap   total 1941504K, used 125173K [0x0000000300000000, 0x0000000800000000)
  region size 4096K, 1 young (4096K), 1 survivors (4096K)
 Metaspace       used 58903K, capacity 60883K, committed 61016K, reserved 1101824K
  class space    used 7155K, capacity 7956K, committed 8064K, reserved 1048576K
}
Event: 4774.665 GC heap before
{Heap before GC invocations=1623 (full 0):
 garbage-first heap   total 1941504K, used 248053K [0x0000000300000000, 0x0000000800000000)
  region size 4096K, 31 young (126976K), 1 survivors (4096K)
 Metaspace       used 58903K, capacity 60883K, committed 61016K, reserved 1101824K
  class space    used 7155K, capacity 7956K, committed 8064K, reserved 1048576K
}
Event: 4774.669 GC heap after
{Heap after GC invocations=1624 (full 0):
 garbage-first heap   total 1941504K, used 126623K [0x0000000300000000, 0x0000000800000000)
  region size 4096K, 2 young (8192K), 2 survivors (8192K)
 Metaspace       used 58903K, capacity 60883K, committed 61016K, reserved 1101824K
  class space    used 7155K, capacity 7956K, committed 8064K, reserved 1048576K
}
Event: 4774.782 GC heap before
{Heap before GC invocations=1625 (full 0):
 garbage-first heap   total 1941504K, used 269983K [0x0000000300000000, 0x0000000800000000)
  region size 4096K, 39 young (159744K), 2 survivors (8192K)
 Metaspace       used 58903K, capacity 60883K, committed 61016K, reserved 1101824K
  class space    used 7155K, capacity 7956K, committed 8064K, reserved 1048576K
}
Event: 4774.787 GC heap after
{Heap after GC invocations=1626 (full 0):
 garbage-first heap   total 1941504K, used 121606K [0x0000000300000000, 0x0000000800000000)
  region size 4096K, 3 young (12288K), 3 survivors (12288K)
 Metaspace       used 58903K, capacity 60883K, committed 61016K, reserved 1101824K
  class space    used 7155K, capacity 7956K, committed 8064K, reserved 1048576K
}
Event: 4774.812 GC heap before
{Heap before GC invocations=1626 (full 0):
 garbage-first heap   total 1941504K, used 158470K [0x0000000300000000, 0x0000000800000000)
  region size 4096K, 13 young (53248K), 3 survivors (12288K)
 Metaspace       used 58903K, capacity 60883K, committed 61016K, reserved 1101824K
  class space    used 7155K, capacity 7956K, committed 8064K, reserved 1048576K
}
Event: 4774.815 GC heap after
{Heap after GC invocations=1627 (full 0):
 garbage-first heap   total 1941504K, used 121795K [0x0000000300000000, 0x0000000800000000)
  region size 4096K, 3 young (12288K), 3 survivors (12288K)
 Metaspace       used 58903K, capacity 60883K, committed 61016K, reserved 1101824K
  class space    used 7155K, capacity 7956K, committed 8064K, reserved 1048576K
}
Event: 4775.161 GC heap before
{Heap before GC invocations=1628 (full 0):
 garbage-first heap   total 1941504K, used 437187K [0x0000000300000000, 0x0000000800000000)
  region size 4096K, 71 young (290816K), 3 survivors (12288K)
 Metaspace       used 58903K, capacity 60883K, committed 61016K, reserved 1101824K
  class space    used 7155K, capacity 7956K, committed 8064K, reserved 1048576K
}

